Using pre-set license
Built from '2021.1/release' branch; Version is '2021.1.0f1 (61a549675243) revision 6399305'; Using compiler version '192528614'; Build Type 'Release'
OS: 'Windows 10 Home; OS build 19042.867; Version 2009; 64bit' Language: 'en' Physical Memory: 16250 MB
BatchMode: 1, IsHumanControllingUs: 0, StartBugReporterOnCrash: 0, Is64bit: 1, IsPro: 0

 COMMAND LINE ARGUMENTS:
D:\Program Files\Unity\2021.1.0f1\Editor\Unity.exe
-adb2
-batchMode
-noUpm
-name
AssetImportWorker0
-projectPath
D:/Adam's Files/Unity/Echo/Echo
-logFile
Logs/AssetImportWorker0.log
-srvPort
52701
Successfully changed project path to: D:/Adam's Files/Unity/Echo/Echo
D:/Adam's Files/Unity/Echo/Echo
Using Asset Import Pipeline V2.
Refreshing native plugins compatible for Editor in 68.05 ms, found 4 plugins.
Preloading 1 native plugins for Editor in 0.97 ms.
Initialize engine version: 2021.1.0f1 (61a549675243)
[Subsystems] Discovering subsystems at path D:/Program Files/Unity/2021.1.0f1/Editor/Data/Resources/UnitySubsystems
[Subsystems] Discovering subsystems at path D:/Adam's Files/Unity/Echo/Echo/Assets
GfxDevice: creating device client; threaded=0; jobified=0
Direct3D:
    Version:  Direct3D 11.0 [level 11.1]
    Renderer: NVIDIA GeForce GTX 1050 Ti (ID=0x1c8c)
    Vendor:   NVIDIA
    VRAM:     4018 MB
    Driver:   27.21.14.5167
Shader 'Oculus/OVRMRCameraFrameLit': fallback shader 'Alpha-Diffuse' not found
Initialize mono
Mono path[0] = 'D:/Program Files/Unity/2021.1.0f1/Editor/Data/Managed'
Mono path[1] = 'D:/Program Files/Unity/2021.1.0f1/Editor/Data/MonoBleedingEdge/lib/mono/unityjit'
Mono config path = 'D:/Program Files/Unity/2021.1.0f1/Editor/Data/MonoBleedingEdge/etc'
Using monoOptions --debugger-agent=transport=dt_socket,embedding=1,server=y,suspend=n,address=127.0.0.1:56608
Begin MonoManager ReloadAssembly
Registering precompiled unity dll's ...
Register platform support module: D:/Program Files/Unity/2021.1.0f1/Editor/Data/PlaybackEngines/WebGLSupport/UnityEditor.WebGL.Extensions.dll
Register platform support module: D:/Program Files/Unity/2021.1.0f1/Editor/Data/PlaybackEngines/MacStandaloneSupport/UnityEditor.OSXStandalone.Extensions.dll
Register platform support module: D:/Program Files/Unity/2021.1.0f1/Editor/Data/PlaybackEngines/WindowsStandaloneSupport/UnityEditor.WindowsStandalone.Extensions.dll
Register platform support module: D:/Program Files/Unity/2021.1.0f1/Editor/Data/PlaybackEngines/LinuxStandaloneSupport/UnityEditor.LinuxStandalone.Extensions.dll
Register platform support module: D:/Program Files/Unity/2021.1.0f1/Editor/Data/PlaybackEngines/LuminSupport/UnityEditor.Lumin.Extensions.dll
Registered in 0.002152 seconds.
Native extension for Lumin target not found
Native extension for LinuxStandalone target not found
Native extension for WindowsStandalone target not found
Native extension for OSXStandalone target not found
Native extension for WebGL target not found
Refreshing native plugins compatible for Editor in 54.76 ms, found 4 plugins.
Preloading 1 native plugins for Editor in 0.06 ms.
Mono: successfully reloaded assembly
- Completed reload, in  1.484 seconds
Platform modules already initialized, skipping
Registering precompiled user dll's ...
Registered in 0.002942 seconds.
Begin MonoManager ReloadAssembly
Symbol file data-0000026A5E644120 doesn't match image D:\Adam's Files\Unity\Echo\Echo\Library\ScriptAssemblies\Unity.VSCode.Editor.dll
Symbol file LoadedFromMemory is not a mono symbol file
Symbol file data-0000026A642BE030 doesn't match image D:\Adam's Files\Unity\Echo\Echo\Library\ScriptAssemblies\Unity.TextMeshPro.Editor.dll
Symbol file LoadedFromMemory is not a mono symbol file
Symbol file data-0000026A63385020 doesn't match image D:\Adam's Files\Unity\Echo\Echo\Library\ScriptAssemblies\Unity.VisualStudio.Editor.dll
Symbol file LoadedFromMemory is not a mono symbol file
Symbol file data-0000026A642D9450 doesn't match image D:\Adam's Files\Unity\Echo\Echo\Library\ScriptAssemblies\UnityEngine.TestRunner.dll
Symbol file LoadedFromMemory is not a mono symbol file
Symbol file data-0000026A62D9B010 doesn't match image D:\Adam's Files\Unity\Echo\Echo\Library\ScriptAssemblies\Unity.Timeline.Editor.dll
Symbol file LoadedFromMemory is not a mono symbol file
Symbol file data-0000026A6415F5D0 doesn't match image D:\Adam's Files\Unity\Echo\Echo\Library\ScriptAssemblies\Unity.Timeline.dll
Symbol file LoadedFromMemory is not a mono symbol file
Symbol file data-0000026A62D9B010 doesn't match image D:\Adam's Files\Unity\Echo\Echo\Library\ScriptAssemblies\Unity.TextMeshPro.dll
Symbol file LoadedFromMemory is not a mono symbol file
Symbol file data-0000026A639A0A20 doesn't match image D:\Adam's Files\Unity\Echo\Echo\Library\ScriptAssemblies\UnityEditor.TestRunner.dll
Symbol file LoadedFromMemory is not a mono symbol file
Symbol file data-0000026A62DD6C20 doesn't match image D:\Adam's Files\Unity\Echo\Echo\Library\ScriptAssemblies\UnityEditor.UI.dll
Symbol file LoadedFromMemory is not a mono symbol file
Symbol file data-0000026A639A0A20 doesn't match image D:\Adam's Files\Unity\Echo\Echo\Library\ScriptAssemblies\Unity.CollabProxy.Editor.dll
Symbol file LoadedFromMemory is not a mono symbol file
Symbol file data-0000026A641220A0 doesn't match image D:\Adam's Files\Unity\Echo\Echo\Library\ScriptAssemblies\Unity.Rider.Editor.dll
Symbol file LoadedFromMemory is not a mono symbol file
Symbol file data-0000026A633F6010 doesn't match image D:\Adam's Files\Unity\Echo\Echo\Library\ScriptAssemblies\UnityEngine.UI.dll
Symbol file LoadedFromMemory is not a mono symbol file
Native extension for Lumin target not found
Native extension for LinuxStandalone target not found
Native extension for WindowsStandalone target not found
Native extension for OSXStandalone target not found
Native extension for WebGL target not found
Refreshing native plugins compatible for Editor in 0.63 ms, found 4 plugins.
Preloading 1 native plugins for Editor in 0.04 ms.
[XR] OculusXRPlugin: registering subsystems
[XR] Unable to register display lifecyle provider: [1]
[XR] Oculus Input lifecycle provider registered.
[XR] Unable to register input lifecyle provider: [1]
[XR] OVRP version 1.57.0
Mono: successfully reloaded assembly
- Completed reload, in  1.746 seconds
Platform modules already initialized, skipping
========================================================================
Worker process is ready to serve import requests
Shader 'Oculus/OVRMRCameraFrameLit': fallback shader 'Alpha-Diffuse' not found
Launched and connected shader compiler UnityShaderCompiler.exe after 0.20 seconds
Refreshing native plugins compatible for Editor in 3.27 ms, found 4 plugins.
Preloading 1 native plugins for Editor in 0.22 ms.
Unloading 1759 Unused Serialized files (Serialized files now loaded: 0)
System memory in use before: 88.6 MB.
System memory in use after: 88.7 MB.

Unloading 33 unused Assets to reduce memory usage. Loaded Objects now: 2200.
Total: 4.084300 ms (FindLiveObjects: 0.702800 ms CreateObjectMapping: 0.266900 ms MarkObjects: 2.978000 ms  DeleteObjects: 0.133700 ms)

========================================================================
Received Import Request.
  path: Packages/com.unity.xr.legacyinputhelpers/Runtime/LegacyInputHelpers.asmdef
  artifactKey: Guid(28c5e819ece8a0746abb16dc5aa91f44) Importer(815301076,1909f56bfc062723c751e8b465ee728b)
Start importing Packages/com.unity.xr.legacyinputhelpers/Runtime/LegacyInputHelpers.asmdef using Guid(28c5e819ece8a0746abb16dc5aa91f44) Importer(815301076,1909f56bfc062723c751e8b465ee728b)  -> (artifact id: '4b38a06e53bc2dd81e38c6298ea218b7') in 0.034500 seconds 
========================================================================
Received Import Request.
  Time since last request: 824.240843 seconds.
  path: Packages/com.unity.xr.oculus/Editor/Unity.XR.Oculus.Editor.asmdef
  artifactKey: Guid(d1502596da9f12c4ead8bb8b8542bdc8) Importer(815301076,1909f56bfc062723c751e8b465ee728b)
Start importing Packages/com.unity.xr.oculus/Editor/Unity.XR.Oculus.Editor.asmdef using Guid(d1502596da9f12c4ead8bb8b8542bdc8) Importer(815301076,1909f56bfc062723c751e8b465ee728b)  -> (artifact id: '00caf1d403f0d3aad94990b388eab643') in 0.003945 seconds 
========================================================================
Received Import Request.
  Time since last request: 2.031592 seconds.
  path: Packages/com.unity.xr.oculus/Editor/OculusBuildProcessor.cs
  artifactKey: Guid(a49c6d715b951224c887be5830cda0a6) Importer(815301076,1909f56bfc062723c751e8b465ee728b)
Start importing Packages/com.unity.xr.oculus/Editor/OculusBuildProcessor.cs using Guid(a49c6d715b951224c887be5830cda0a6) Importer(815301076,1909f56bfc062723c751e8b465ee728b)  -> (artifact id: '825cab6bfc061eac55bc9110d0e0fa91') in 0.018846 seconds 
